QUERY PLAN
Seq Scan on view_movies  (cost=0.00..182.97 rows=10197 width=33) (actual time=0.007..0.459 rows=10197 loops=1)
Planning Time: 0.049 ms
Execution Time: 0.710 ms

QUERY PLAN
Seq Scan on movies  (cost=0.00..182.97 rows=10197 width=33) (actual time=0.007..0.470 rows=10197 loops=1)
Planning Time: 0.042 ms
Execution Time: 0.720 ms

QUERY PLAN
Seq Scan on view_actors  (cost=0.00..3838.42 rows=231742 width=22) (actual time=0.007..10.070 rows=231742 loops=1)
Planning Time: 0.047 ms
Execution Time: 15.501 ms

QUERY PLAN
Seq Scan on actors  (cost=0.00..3838.42 rows=231742 width=22) (actual time=0.008..10.257 rows=231742 loops=1)
Planning Time: 0.046 ms
Execution Time: 15.774 ms

QUERY PLAN
Seq Scan on view_genres  (cost=0.00..320.09 rows=20809 width=11) (actual time=0.008..0.945 rows=20809 loops=1)
Planning Time: 0.051 ms
Execution Time: 1.454 ms

QUERY PLAN
Seq Scan on genres  (cost=0.00..320.09 rows=20809 width=11) (actual time=0.007..1.019 rows=20809 loops=1)
Planning Time: 0.053 ms
Execution Time: 1.538 ms

QUERY PLAN
Seq Scan on view_tag_names  (cost=0.00..212.22 rows=13222 width=17) (actual time=0.008..0.585 rows=13222 loops=1)
Planning Time: 0.040 ms
Execution Time: 0.916 ms

QUERY PLAN
Seq Scan on tag_names  (cost=0.00..212.22 rows=13222 width=17) (actual time=0.007..0.609 rows=13222 loops=1)
Planning Time: 0.043 ms
Execution Time: 0.941 ms

QUERY PLAN
Seq Scan on view_tags  (cost=0.00..747.95 rows=51795 width=8) (actual time=0.006..2.437 rows=51795 loops=1)
Planning Time: 0.696 ms
Execution Time: 3.696 ms

QUERY PLAN
Seq Scan on tags  (cost=0.00..747.95 rows=51795 width=8) (actual time=0.008..2.653 rows=51795 loops=1)
Planning Time: 0.050 ms
Execution Time: 4.069 ms
